{
  "0 debug pnpm:scope": {
    "selected": 1
  },
  "1 error pnpm": {
    "code": "ELIFECYCLE",
    "errno": "ENOENT",
    "syscall": "spawn",
    "file": "sh",
    "pkgid": "admin@0.1.0",
    "stage": "serve",
    "script": "vue-cli-service serve",
    "pkgname": "admin",
    "err": {
      "name": "pnpm",
      "message": "admin@0.1.0 serve: `vue-cli-service serve`\nspawn ENOENT",
      "code": "ELIFECYCLE",
      "stack": "pnpm: admin@0.1.0 serve: `vue-cli-service serve`\nspawn ENOENT\n    at ChildProcess.<anonymous> (/home/demon/.nvm/versions/node/v14.18.1/pnpm-global/5/node_modules/.pnpm/pnpm@6.20.3/node_modules/pnpm/dist/pnpm.cjs:91248:22)\n    at ChildProcess.emit (events.js:400:28)\n    at maybeClose (internal/child_process.js:1058:16)\n    at Process.ChildProcess._handle.onexit (internal/child_process.js:293:5)"
    }
  },
  "2 warn pnpm:global": " Local package.json exists, but node_modules missing, did you mean to install?"
}